<?xml version="1.0" encoding="UTF-8"?>
<!-- Generated by org.testng.reporters.JUnitXMLReporter -->
<testsuite ignored="0" hostname="DESKTOP-0E69Q2H" failures="3" tests="3" name="FlightSearchTest" time="0.035" errors="0" timestamp="2024-09-05T16:41:34 CDT">
  <testcase classname="com.flightBooking.googleFlights.FlightSearchStepDefinitions" name="testFlightSearchRegression" time="0.0">
    <failure type="org.testng.TestNGException" message="
Method public void com.flightBooking.googleFlights.FlightSearchStepDefinitions.testFlightSearchRegression(java.lang.String,java.lang.String,java.lang.String,java.lang.String) requires a @DataProvider named : flightData in class com.flightBooking.googleFlights.FlightTestData">
      <![CDATA[org.testng.TestNGException: 
Method public void com.flightBooking.googleFlights.FlightSearchStepDefinitions.testFlightSearchRegression(java.lang.String,java.lang.String,java.lang.String,java.lang.String) requires a @DataProvider named : flightData in class com.flightBooking.googleFlights.FlightTestData
at java.base/java.util.concurrent.ThreadPoolExecutor.runWorker(ThreadPoolExecutor.java:1144)
at java.base/java.util.concurrent.ThreadPoolExecutor$Worker.run(ThreadPoolExecutor.java:642)
at java.base/java.lang.Thread.run(Thread.java:1583)
... Removed 9 stack frames]]>
    </failure>
  </testcase> <!-- testFlightSearchRegression -->
  <testcase classname="com.flightBooking.googleFlights.FlightSearchStepDefinitions" name="testFlightSearch" time="0.0">
    <failure type="org.testng.TestNGException" message="
Method public void com.flightBooking.googleFlights.FlightSearchStepDefinitions.testFlightSearch(java.lang.String,java.lang.String,java.lang.String,java.lang.String) requires a @DataProvider named : flightData in class com.flightBooking.googleFlights.FlightTestData">
      <![CDATA[org.testng.TestNGException: 
Method public void com.flightBooking.googleFlights.FlightSearchStepDefinitions.testFlightSearch(java.lang.String,java.lang.String,java.lang.String,java.lang.String) requires a @DataProvider named : flightData in class com.flightBooking.googleFlights.FlightTestData
at java.base/java.util.concurrent.ThreadPoolExecutor.runWorker(ThreadPoolExecutor.java:1144)
at java.base/java.util.concurrent.ThreadPoolExecutor$Worker.run(ThreadPoolExecutor.java:642)
at java.base/java.lang.Thread.run(Thread.java:1583)
... Removed 9 stack frames]]>
    </failure>
  </testcase> <!-- testFlightSearch -->
  <testcase classname="com.flightBooking.googleFlights.FlightSearchStepDefinitions" name="testFlightSearchSmoke" time="0.0">
    <failure type="org.testng.TestNGException" message="
Method public void com.flightBooking.googleFlights.FlightSearchStepDefinitions.testFlightSearchSmoke(java.lang.String,java.lang.String,java.lang.String,java.lang.String) requires a @DataProvider named : flightData in class com.flightBooking.googleFlights.FlightTestData">
      <![CDATA[org.testng.TestNGException: 
Method public void com.flightBooking.googleFlights.FlightSearchStepDefinitions.testFlightSearchSmoke(java.lang.String,java.lang.String,java.lang.String,java.lang.String) requires a @DataProvider named : flightData in class com.flightBooking.googleFlights.FlightTestData
at java.base/java.util.concurrent.ThreadPoolExecutor.runWorker(ThreadPoolExecutor.java:1144)
at java.base/java.util.concurrent.ThreadPoolExecutor$Worker.run(ThreadPoolExecutor.java:642)
at java.base/java.lang.Thread.run(Thread.java:1583)
... Removed 9 stack frames]]>
    </failure>
  </testcase> <!-- testFlightSearchSmoke -->
</testsuite> <!-- FlightSearchTest -->
