<?xml version="1.0" encoding="UTF-8"?>
<!-- Generated by org.testng.reporters.JUnitXMLReporter -->
<testsuite ignored="0" hostname="DESKTOP-0E69Q2H" failures="1" tests="9" name="GoogleFlightsSearchTests" time="252.019" errors="0" timestamp="2024-09-05T16:52:22 CDT">
  <testcase classname="com.flightBooking.googleFlights.FlightSearchStepDefinitions" name="testFlightSearch" time="18.93">
    <failure type="org.openqa.selenium.StaleElementReferenceException" message="The element with the reference 06954b84-68d4-4ae4-961f-719f0908c6bf is stale; either its node document is not the active document, or it is no longer connected to the DOM
For documentation on this error, please visit: https://www.selenium.dev/documentation/webdriver/troubleshooting/errors#stale-element-reference-exception
Build info: version: &amp;apos;4.22.0&amp;apos;, revision: &amp;apos;c5f3146703*&amp;apos;
System info: os.name: &amp;apos;Windows 11&amp;apos;, os.arch: &amp;apos;amd64&amp;apos;, os.version: &amp;apos;10.0&amp;apos;, java.version: &amp;apos;21.0.3&amp;apos;
Driver info: org.openqa.selenium.firefox.FirefoxDriver
Command: [536f59e8-93a8-461f-a5f4-6cfc370d491e, getElementText {id=06954b84-68d4-4ae4-961f-719f0908c6bf}]
Capabilities {acceptInsecureCerts: true, browserName: firefox, browserVersion: 130.0, moz:accessibilityChecks: false, moz:buildID: 20240829075237, moz:debuggerAddress: 127.0.0.1:34368, moz:geckodriverVersion: 0.35.0, moz:headless: false, moz:platformVersion: 10.0, moz:processID: 91452, moz:profile: C:\Users\rayud\AppData\Loca..., moz:shutdownTimeout: 60000, moz:webdriverClick: true, moz:windowless: false, pageLoadStrategy: normal, platformName: windows, proxy: Proxy(), se:cdp: ws://127.0.0.1:34368/devtoo..., se:cdpVersion: 85.0, setWindowRect: true, strictFileInteractability: false, timeouts: {implicit: 0, pageLoad: 300000, script: 30000}, unhandledPromptBehavior: dismiss and notify, userAgent: Mozilla/5.0 (Windows NT 10....}
Element: [[[[[[FirefoxDriver: firefox on windows (536f59e8-93a8-461f-a5f4-6cfc370d491e)] -&amp;gt; xpath: //h3[contains(text(),&amp;apos;Other departing flights&amp;apos;)]/following-sibling::ul[@class=&amp;apos;Rk10dc&amp;apos;]
]] -&amp;gt; xpath: .//li]] -&amp;gt; xpath: .//span[contains(@aria-label, &amp;apos;Arrival time&amp;apos;)]]
Session ID: 536f59e8-93a8-461f-a5f4-6cfc370d491e">
      <![CDATA[org.openqa.selenium.StaleElementReferenceException: The element with the reference 06954b84-68d4-4ae4-961f-719f0908c6bf is stale; either its node document is not the active document, or it is no longer connected to the DOM
For documentation on this error, please visit: https://www.selenium.dev/documentation/webdriver/troubleshooting/errors#stale-element-reference-exception
Build info: version: '4.22.0', revision: 'c5f3146703*'
System info: os.name: 'Windows 11', os.arch: 'amd64', os.version: '10.0', java.version: '21.0.3'
Driver info: org.openqa.selenium.firefox.FirefoxDriver
Command: [536f59e8-93a8-461f-a5f4-6cfc370d491e, getElementText {id=06954b84-68d4-4ae4-961f-719f0908c6bf}]
Capabilities {acceptInsecureCerts: true, browserName: firefox, browserVersion: 130.0, moz:accessibilityChecks: false, moz:buildID: 20240829075237, moz:debuggerAddress: 127.0.0.1:34368, moz:geckodriverVersion: 0.35.0, moz:headless: false, moz:platformVersion: 10.0, moz:processID: 91452, moz:profile: C:\Users\rayud\AppData\Loca..., moz:shutdownTimeout: 60000, moz:webdriverClick: true, moz:windowless: false, pageLoadStrategy: normal, platformName: windows, proxy: Proxy(), se:cdp: ws://127.0.0.1:34368/devtoo..., se:cdpVersion: 85.0, setWindowRect: true, strictFileInteractability: false, timeouts: {implicit: 0, pageLoad: 300000, script: 30000}, unhandledPromptBehavior: dismiss and notify, userAgent: Mozilla/5.0 (Windows NT 10....}
Element: [[[[[[FirefoxDriver: firefox on windows (536f59e8-93a8-461f-a5f4-6cfc370d491e)] -> xpath: //h3[contains(text(),'Other departing flights')]/following-sibling::ul[@class='Rk10dc']
]] -> xpath: .//li]] -> xpath: .//span[contains(@aria-label, 'Arrival time')]]
Session ID: 536f59e8-93a8-461f-a5f4-6cfc370d491e
at org.openqa.selenium.remote.ErrorCodec.decode(ErrorCodec.java:167)
at org.openqa.selenium.remote.codec.w3c.W3CHttpResponseCodec.decode(W3CHttpResponseCodec.java:138)
at org.openqa.selenium.remote.codec.w3c.W3CHttpResponseCodec.decode(W3CHttpResponseCodec.java:50)
at org.openqa.selenium.remote.HttpCommandExecutor.execute(HttpCommandExecutor.java:190)
at org.openqa.selenium.remote.service.DriverCommandExecutor.invokeExecute(DriverCommandExecutor.java:216)
at org.openqa.selenium.remote.service.DriverCommandExecutor.execute(DriverCommandExecutor.java:174)
at org.openqa.selenium.remote.RemoteWebDriver.execute(RemoteWebDriver.java:518)
at org.openqa.selenium.remote.RemoteWebElement.execute(RemoteWebElement.java:223)
at org.openqa.selenium.remote.RemoteWebElement.getText(RemoteWebElement.java:191)
at com.flightBooking.googleFlights.FlightDetailsData.extractFlightDetails(FlightDetailsData.java:101)
at com.flightBooking.googleFlights.FlightSearchStepDefinitions.testFlightSearch(FlightSearchStepDefinitions.java:40)
at java.base/java.util.ArrayList.forEach(ArrayList.java:1596)
... Removed 28 stack frames]]>
    </failure>
  </testcase> <!-- testFlightSearch -->
  <testcase classname="com.flightBooking.googleFlights.FlightSearchStepDefinitions" name="testFlightSearch" time="21.775"/>
  <testcase classname="com.flightBooking.googleFlights.FlightSearchStepDefinitions" name="testFlightSearch" time="30.255"/>
  <testcase classname="com.flightBooking.googleFlights.FlightSearchStepDefinitions" name="testFlightSearchRegression" time="25.002"/>
  <testcase classname="com.flightBooking.googleFlights.FlightSearchStepDefinitions" name="testFlightSearchRegression" time="20.116"/>
  <testcase classname="com.flightBooking.googleFlights.FlightSearchStepDefinitions" name="testFlightSearchRegression" time="28.631"/>
  <testcase classname="com.flightBooking.googleFlights.FlightSearchStepDefinitions" name="testFlightSearchSmoke" time="26.172"/>
  <testcase classname="com.flightBooking.googleFlights.FlightSearchStepDefinitions" name="testFlightSearchSmoke" time="24.238"/>
  <testcase classname="com.flightBooking.googleFlights.FlightSearchStepDefinitions" name="testFlightSearchSmoke" time="28.218"/>
</testsuite> <!-- GoogleFlightsSearchTests -->
